2023-02-01 17:49:44,420 INFO c.c.g.GreatoutdoorsApplication [restartedMain] Starting GreatoutdoorsApplication using Java 17.0.5 on LIN33001523 with PID 11504 (C:\Users\ANIBARMA\eclipse-workspace\greatoutdoors\bin\main started by anibarma in C:\Users\ANIBARMA\eclipse-workspace\greatoutdoors)
2023-02-01 17:49:44,431 DEBUG c.c.g.GreatoutdoorsApplication [restartedMain] Running with Spring Boot v2.7.8, Spring v5.3.25
2023-02-01 17:49:44,432 INFO c.c.g.GreatoutdoorsApplication [restartedMain] No active profile set, falling back to 1 default profile: "default"
2023-02-01 22:55:52,133 INFO c.c.g.GreatoutdoorsApplication [restartedMain] Starting GreatoutdoorsApplication using Java 17.0.5 on LIN33001523 with PID 12820 (C:\Users\ANIBARMA\eclipse-workspace\greatoutdoors\bin\main started by anibarma in C:\Users\ANIBARMA\eclipse-workspace\greatoutdoors)
2023-02-01 22:55:52,142 DEBUG c.c.g.GreatoutdoorsApplication [restartedMain] Running with Spring Boot v2.7.8, Spring v5.3.25
2023-02-01 22:55:52,143 INFO c.c.g.GreatoutdoorsApplication [restartedMain] No active profile set, falling back to 1 default profile: "default"
2023-02-01 22:55:59,464 INFO c.c.g.GreatoutdoorsApplication [restartedMain] Started GreatoutdoorsApplication in 7.699 seconds (JVM running for 9.329)
2023-02-01 22:56:48,478 INFO c.c.g.GreatoutdoorsApplication [restartedMain] Starting GreatoutdoorsApplication using Java 17.0.5 on LIN33001523 with PID 12820 (C:\Users\ANIBARMA\eclipse-workspace\greatoutdoors\bin\main started by anibarma in C:\Users\ANIBARMA\eclipse-workspace\greatoutdoors)
2023-02-01 22:56:48,480 DEBUG c.c.g.GreatoutdoorsApplication [restartedMain] Running with Spring Boot v2.7.8, Spring v5.3.25
2023-02-01 22:56:48,480 INFO c.c.g.GreatoutdoorsApplication [restartedMain] No active profile set, falling back to 1 default profile: "default"
2023-02-01 22:56:50,015 INFO c.c.g.GreatoutdoorsApplication [restartedMain] Started GreatoutdoorsApplication in 1.704 seconds (JVM running for 59.88)
2023-02-01 22:57:24,229 INFO c.c.g.GreatoutdoorsApplication [restartedMain] Starting GreatoutdoorsApplication using Java 17.0.5 on LIN33001523 with PID 12820 (C:\Users\ANIBARMA\eclipse-workspace\greatoutdoors\bin\main started by anibarma in C:\Users\ANIBARMA\eclipse-workspace\greatoutdoors)
2023-02-01 22:57:24,231 DEBUG c.c.g.GreatoutdoorsApplication [restartedMain] Running with Spring Boot v2.7.8, Spring v5.3.25
2023-02-01 22:57:24,231 INFO c.c.g.GreatoutdoorsApplication [restartedMain] No active profile set, falling back to 1 default profile: "default"
2023-02-01 22:57:25,737 INFO c.c.g.GreatoutdoorsApplication [restartedMain] Started GreatoutdoorsApplication in 1.669 seconds (JVM running for 95.602)
2023-02-01 23:02:01,776 INFO c.c.g.GreatoutdoorsApplication [restartedMain] Starting GreatoutdoorsApplication using Java 17.0.5 on LIN33001523 with PID 2108 (C:\Users\ANIBARMA\eclipse-workspace\greatoutdoors\bin\main started by anibarma in C:\Users\ANIBARMA\eclipse-workspace\greatoutdoors)
2023-02-01 23:02:01,798 DEBUG c.c.g.GreatoutdoorsApplication [restartedMain] Running with Spring Boot v2.7.8, Spring v5.3.25
2023-02-01 23:02:01,799 INFO c.c.g.GreatoutdoorsApplication [restartedMain] No active profile set, falling back to 1 default profile: "default"
2023-02-01 23:02:58,139 INFO c.c.g.GreatoutdoorsApplication [restartedMain] Starting GreatoutdoorsApplication using Java 17.0.5 on LIN33001523 with PID 1208 (C:\Users\ANIBARMA\eclipse-workspace\greatoutdoors\bin\main started by anibarma in C:\Users\ANIBARMA\eclipse-workspace\greatoutdoors)
2023-02-01 23:02:58,148 DEBUG c.c.g.GreatoutdoorsApplication [restartedMain] Running with Spring Boot v2.7.8, Spring v5.3.25
2023-02-01 23:02:58,149 INFO c.c.g.GreatoutdoorsApplication [restartedMain] No active profile set, falling back to 1 default profile: "default"
2023-02-01 23:03:04,491 INFO c.c.g.GreatoutdoorsApplication [restartedMain] Started GreatoutdoorsApplication in 6.809 seconds (JVM running for 8.44)
2023-02-01 23:13:04,154 INFO c.c.g.GreatoutdoorsApplication [restartedMain] Starting GreatoutdoorsApplication using Java 17.0.5 on LIN33001523 with PID 1208 (C:\Users\ANIBARMA\eclipse-workspace\greatoutdoors\bin\main started by anibarma in C:\Users\ANIBARMA\eclipse-workspace\greatoutdoors)
2023-02-01 23:13:04,155 DEBUG c.c.g.GreatoutdoorsApplication [restartedMain] Running with Spring Boot v2.7.8, Spring v5.3.25
2023-02-01 23:13:04,156 INFO c.c.g.GreatoutdoorsApplication [restartedMain] No active profile set, falling back to 1 default profile: "default"
2023-02-01 23:13:07,658 INFO c.c.g.GreatoutdoorsApplication [restartedMain] Started GreatoutdoorsApplication in 3.624 seconds (JVM running for 611.607)
2023-02-01 23:13:11,457 INFO c.c.g.GreatoutdoorsApplication [restartedMain] Starting GreatoutdoorsApplication using Java 17.0.5 on LIN33001523 with PID 1208 (C:\Users\ANIBARMA\eclipse-workspace\greatoutdoors\bin\main started by anibarma in C:\Users\ANIBARMA\eclipse-workspace\greatoutdoors)
2023-02-01 23:13:11,458 DEBUG c.c.g.GreatoutdoorsApplication [restartedMain] Running with Spring Boot v2.7.8, Spring v5.3.25
2023-02-01 23:13:11,458 INFO c.c.g.GreatoutdoorsApplication [restartedMain] No active profile set, falling back to 1 default profile: "default"
2023-02-01 23:13:13,448 INFO c.c.g.GreatoutdoorsApplication [restartedMain] Started GreatoutdoorsApplication in 2.059 seconds (JVM running for 617.396)
2023-02-01 23:16:57,664 INFO c.c.g.GreatoutdoorsApplication [restartedMain] Starting GreatoutdoorsApplication using Java 17.0.5 on LIN33001523 with PID 1208 (C:\Users\ANIBARMA\eclipse-workspace\greatoutdoors\bin\main started by anibarma in C:\Users\ANIBARMA\eclipse-workspace\greatoutdoors)
2023-02-01 23:16:57,664 DEBUG c.c.g.GreatoutdoorsApplication [restartedMain] Running with Spring Boot v2.7.8, Spring v5.3.25
2023-02-01 23:16:57,665 INFO c.c.g.GreatoutdoorsApplication [restartedMain] No active profile set, falling back to 1 default profile: "default"
2023-02-01 23:16:59,623 INFO c.c.g.GreatoutdoorsApplication [restartedMain] Started GreatoutdoorsApplication in 2.033 seconds (JVM running for 843.572)
2023-02-01 23:20:23,995 INFO c.c.g.GreatoutdoorsApplication [restartedMain] Starting GreatoutdoorsApplication using Java 17.0.5 on LIN33001523 with PID 1208 (C:\Users\ANIBARMA\eclipse-workspace\greatoutdoors\bin\main started by anibarma in C:\Users\ANIBARMA\eclipse-workspace\greatoutdoors)
2023-02-01 23:20:23,996 DEBUG c.c.g.GreatoutdoorsApplication [restartedMain] Running with Spring Boot v2.7.8, Spring v5.3.25
2023-02-01 23:20:23,996 INFO c.c.g.GreatoutdoorsApplication [restartedMain] No active profile set, falling back to 1 default profile: "default"
2023-02-01 23:20:25,880 INFO c.c.g.GreatoutdoorsApplication [restartedMain] Started GreatoutdoorsApplication in 1.962 seconds (JVM running for 1049.828)
2023-02-01 23:21:21,271 INFO c.c.g.GreatoutdoorsApplication [restartedMain] Starting GreatoutdoorsApplication using Java 17.0.5 on LIN33001523 with PID 1208 (C:\Users\ANIBARMA\eclipse-workspace\greatoutdoors\bin\main started by anibarma in C:\Users\ANIBARMA\eclipse-workspace\greatoutdoors)
2023-02-01 23:21:21,272 DEBUG c.c.g.GreatoutdoorsApplication [restartedMain] Running with Spring Boot v2.7.8, Spring v5.3.25
2023-02-01 23:21:21,273 INFO c.c.g.GreatoutdoorsApplication [restartedMain] No active profile set, falling back to 1 default profile: "default"
2023-02-01 23:21:23,603 INFO c.c.g.GreatoutdoorsApplication [restartedMain] Started GreatoutdoorsApplication in 2.435 seconds (JVM running for 1107.552)
2023-02-01 23:21:25,394 INFO c.c.g.GreatoutdoorsApplication [restartedMain] Starting GreatoutdoorsApplication using Java 17.0.5 on LIN33001523 with PID 1208 (C:\Users\ANIBARMA\eclipse-workspace\greatoutdoors\bin\main started by anibarma in C:\Users\ANIBARMA\eclipse-workspace\greatoutdoors)
2023-02-01 23:21:25,394 DEBUG c.c.g.GreatoutdoorsApplication [restartedMain] Running with Spring Boot v2.7.8, Spring v5.3.25
2023-02-01 23:21:25,395 INFO c.c.g.GreatoutdoorsApplication [restartedMain] No active profile set, falling back to 1 default profile: "default"
2023-02-01 23:21:28,499 INFO c.c.g.GreatoutdoorsApplication [restartedMain] Started GreatoutdoorsApplication in 3.182 seconds (JVM running for 1112.447)
2023-02-01 23:23:25,963 INFO c.c.g.GreatoutdoorsApplication [restartedMain] Starting GreatoutdoorsApplication using Java 17.0.5 on LIN33001523 with PID 1208 (C:\Users\ANIBARMA\eclipse-workspace\greatoutdoors\bin\main started by anibarma in C:\Users\ANIBARMA\eclipse-workspace\greatoutdoors)
2023-02-01 23:23:25,963 DEBUG c.c.g.GreatoutdoorsApplication [restartedMain] Running with Spring Boot v2.7.8, Spring v5.3.25
2023-02-01 23:23:25,964 INFO c.c.g.GreatoutdoorsApplication [restartedMain] No active profile set, falling back to 1 default profile: "default"
2023-02-01 23:23:27,948 INFO c.c.g.GreatoutdoorsApplication [restartedMain] Started GreatoutdoorsApplication in 2.084 seconds (JVM running for 1231.896)
2023-02-01 23:26:53,593 INFO c.c.g.GreatoutdoorsApplication [restartedMain] Starting GreatoutdoorsApplication using Java 17.0.5 on LIN33001523 with PID 1208 (C:\Users\ANIBARMA\eclipse-workspace\greatoutdoors\bin\main started by anibarma in C:\Users\ANIBARMA\eclipse-workspace\greatoutdoors)
2023-02-01 23:26:53,594 DEBUG c.c.g.GreatoutdoorsApplication [restartedMain] Running with Spring Boot v2.7.8, Spring v5.3.25
2023-02-01 23:26:53,594 INFO c.c.g.GreatoutdoorsApplication [restartedMain] No active profile set, falling back to 1 default profile: "default"
2023-02-01 23:26:55,679 INFO c.c.g.GreatoutdoorsApplication [restartedMain] Started GreatoutdoorsApplication in 2.178 seconds (JVM running for 1439.627)
2023-02-01 23:29:23,235 INFO c.c.g.GreatoutdoorsApplication [restartedMain] Starting GreatoutdoorsApplication using Java 17.0.5 on LIN33001523 with PID 1208 (C:\Users\ANIBARMA\eclipse-workspace\greatoutdoors\bin\main started by anibarma in C:\Users\ANIBARMA\eclipse-workspace\greatoutdoors)
2023-02-01 23:29:23,236 DEBUG c.c.g.GreatoutdoorsApplication [restartedMain] Running with Spring Boot v2.7.8, Spring v5.3.25
2023-02-01 23:29:23,236 INFO c.c.g.GreatoutdoorsApplication [restartedMain] No active profile set, falling back to 1 default profile: "default"
2023-02-01 23:29:25,558 INFO c.c.g.GreatoutdoorsApplication [restartedMain] Started GreatoutdoorsApplication in 2.391 seconds (JVM running for 1589.506)
2023-02-01 23:30:22,929 INFO c.c.g.GreatoutdoorsApplication [restartedMain] Starting GreatoutdoorsApplication using Java 17.0.5 on LIN33001523 with PID 1208 (C:\Users\ANIBARMA\eclipse-workspace\greatoutdoors\bin\main started by anibarma in C:\Users\ANIBARMA\eclipse-workspace\greatoutdoors)
2023-02-01 23:30:22,930 DEBUG c.c.g.GreatoutdoorsApplication [restartedMain] Running with Spring Boot v2.7.8, Spring v5.3.25
2023-02-01 23:30:22,931 INFO c.c.g.GreatoutdoorsApplication [restartedMain] No active profile set, falling back to 1 default profile: "default"
2023-02-01 23:30:24,785 INFO c.c.g.GreatoutdoorsApplication [restartedMain] Started GreatoutdoorsApplication in 1.921 seconds (JVM running for 1648.733)
2023-02-01 23:30:34,366 INFO c.c.g.GreatoutdoorsApplication [restartedMain] Starting GreatoutdoorsApplication using Java 17.0.5 on LIN33001523 with PID 16472 (C:\Users\ANIBARMA\eclipse-workspace\greatoutdoors\bin\main started by anibarma in C:\Users\ANIBARMA\eclipse-workspace\greatoutdoors)
2023-02-01 23:30:34,374 DEBUG c.c.g.GreatoutdoorsApplication [restartedMain] Running with Spring Boot v2.7.8, Spring v5.3.25
2023-02-01 23:30:34,375 INFO c.c.g.GreatoutdoorsApplication [restartedMain] No active profile set, falling back to 1 default profile: "default"
2023-02-01 23:32:35,424 INFO c.c.g.GreatoutdoorsApplication [restartedMain] Starting GreatoutdoorsApplication using Java 17.0.5 on LIN33001523 with PID 7208 (C:\Users\ANIBARMA\eclipse-workspace\greatoutdoors\bin\main started by anibarma in C:\Users\ANIBARMA\eclipse-workspace\greatoutdoors)
2023-02-01 23:32:35,433 DEBUG c.c.g.GreatoutdoorsApplication [restartedMain] Running with Spring Boot v2.7.8, Spring v5.3.25
2023-02-01 23:32:35,434 INFO c.c.g.GreatoutdoorsApplication [restartedMain] No active profile set, falling back to 1 default profile: "default"
2023-02-01 23:32:41,234 INFO c.c.g.GreatoutdoorsApplication [restartedMain] Started GreatoutdoorsApplication in 6.236 seconds (JVM running for 8.49)
2023-02-01 23:43:54,215 INFO c.c.g.GreatoutdoorsApplication [restartedMain] Starting GreatoutdoorsApplication using Java 17.0.5 on LIN33001523 with PID 7208 (C:\Users\ANIBARMA\eclipse-workspace\greatoutdoors\bin\main started by anibarma in C:\Users\ANIBARMA\eclipse-workspace\greatoutdoors)
2023-02-01 23:43:54,216 DEBUG c.c.g.GreatoutdoorsApplication [restartedMain] Running with Spring Boot v2.7.8, Spring v5.3.25
2023-02-01 23:43:54,216 INFO c.c.g.GreatoutdoorsApplication [restartedMain] No active profile set, falling back to 1 default profile: "default"
2023-02-01 23:44:26,767 INFO c.c.g.GreatoutdoorsApplication [restartedMain] Starting GreatoutdoorsApplication using Java 17.0.5 on LIN33001523 with PID 9748 (C:\Users\ANIBARMA\eclipse-workspace\greatoutdoors\bin\main started by anibarma in C:\Users\ANIBARMA\eclipse-workspace\greatoutdoors)
2023-02-01 23:44:26,776 DEBUG c.c.g.GreatoutdoorsApplication [restartedMain] Running with Spring Boot v2.7.8, Spring v5.3.25
2023-02-01 23:44:26,777 INFO c.c.g.GreatoutdoorsApplication [restartedMain] No active profile set, falling back to 1 default profile: "default"
2023-02-01 23:44:32,485 INFO c.c.g.GreatoutdoorsApplication [restartedMain] Started GreatoutdoorsApplication in 6.164 seconds (JVM running for 7.757)
2023-02-01 23:45:23,641 INFO c.c.g.GreatoutdoorsApplication [restartedMain] Starting GreatoutdoorsApplication using Java 17.0.5 on LIN33001523 with PID 9748 (C:\Users\ANIBARMA\eclipse-workspace\greatoutdoors\bin\main started by anibarma in C:\Users\ANIBARMA\eclipse-workspace\greatoutdoors)
2023-02-01 23:45:23,643 DEBUG c.c.g.GreatoutdoorsApplication [restartedMain] Running with Spring Boot v2.7.8, Spring v5.3.25
2023-02-01 23:45:23,643 INFO c.c.g.GreatoutdoorsApplication [restartedMain] No active profile set, falling back to 1 default profile: "default"
2023-02-01 23:45:25,585 INFO c.c.g.GreatoutdoorsApplication [restartedMain] Started GreatoutdoorsApplication in 2.021 seconds (JVM running for 60.856)
2023-02-01 23:52:25,406 INFO c.c.g.GreatoutdoorsApplication [restartedMain] Starting GreatoutdoorsApplication using Java 17.0.5 on LIN33001523 with PID 9748 (C:\Users\ANIBARMA\eclipse-workspace\greatoutdoors\bin\main started by anibarma in C:\Users\ANIBARMA\eclipse-workspace\greatoutdoors)
2023-02-01 23:52:25,407 DEBUG c.c.g.GreatoutdoorsApplication [restartedMain] Running with Spring Boot v2.7.8, Spring v5.3.25
2023-02-01 23:52:25,407 INFO c.c.g.GreatoutdoorsApplication [restartedMain] No active profile set, falling back to 1 default profile: "default"
2023-02-01 23:52:27,855 INFO c.c.g.GreatoutdoorsApplication [restartedMain] Started GreatoutdoorsApplication in 2.545 seconds (JVM running for 483.126)
2023-02-02 10:15:48,665 INFO c.c.g.GreatoutdoorsApplication [restartedMain] Starting GreatoutdoorsApplication using Java 17.0.5 on LIN33001523 with PID 9748 (C:\Users\ANIBARMA\eclipse-workspace\greatoutdoors\bin\main started by anibarma in C:\Users\ANIBARMA\eclipse-workspace\greatoutdoors)
2023-02-02 10:15:48,665 DEBUG c.c.g.GreatoutdoorsApplication [restartedMain] Running with Spring Boot v2.7.8, Spring v5.3.25
2023-02-02 10:15:48,665 INFO c.c.g.GreatoutdoorsApplication [restartedMain] No active profile set, falling back to 1 default profile: "default"
2023-02-02 10:15:49,795 INFO c.c.g.GreatoutdoorsApplication [restartedMain] Started GreatoutdoorsApplication in 1.185 seconds (JVM running for 37885.122)
2023-02-02 11:17:38,165 INFO c.c.g.GreatoutdoorsApplication [restartedMain] Starting GreatoutdoorsApplication using Java 17.0.5 on LIN33001523 with PID 9748 (C:\Users\ANIBARMA\eclipse-workspace\greatoutdoors\bin\main started by anibarma in C:\Users\ANIBARMA\eclipse-workspace\greatoutdoors)
2023-02-02 11:17:38,166 DEBUG c.c.g.GreatoutdoorsApplication [restartedMain] Running with Spring Boot v2.7.8, Spring v5.3.25
2023-02-02 11:17:38,166 INFO c.c.g.GreatoutdoorsApplication [restartedMain] No active profile set, falling back to 1 default profile: "default"
2023-02-02 11:17:39,330 INFO c.c.g.GreatoutdoorsApplication [restartedMain] Started GreatoutdoorsApplication in 1.217 seconds (JVM running for 41594.649)
2023-02-02 15:19:04,988 INFO c.c.g.GreatoutdoorsApplication [restartedMain] Starting GreatoutdoorsApplication using Java 17.0.5 on LIN33001523 with PID 9696 (C:\Users\ANIBARMA\eclipse-workspace\greatoutdoors\bin\main started by anibarma in C:\Users\ANIBARMA\eclipse-workspace\greatoutdoors)
2023-02-02 15:19:04,996 DEBUG c.c.g.GreatoutdoorsApplication [restartedMain] Running with Spring Boot v2.7.8, Spring v5.3.25
2023-02-02 15:19:04,997 INFO c.c.g.GreatoutdoorsApplication [restartedMain] No active profile set, falling back to 1 default profile: "default"
2023-02-02 15:19:09,086 INFO c.c.g.GreatoutdoorsApplication [restartedMain] Started GreatoutdoorsApplication in 4.72 seconds (JVM running for 5.704)
2023-02-02 15:43:01,132 INFO c.c.g.GreatoutdoorsApplication [restartedMain] Starting GreatoutdoorsApplication using Java 17.0.5 on LIN33001523 with PID 9696 (C:\Users\ANIBARMA\eclipse-workspace\greatoutdoors\bin\main started by anibarma in C:\Users\ANIBARMA\eclipse-workspace\greatoutdoors)
2023-02-02 15:43:01,133 DEBUG c.c.g.GreatoutdoorsApplication [restartedMain] Running with Spring Boot v2.7.8, Spring v5.3.25
2023-02-02 15:43:01,133 INFO c.c.g.GreatoutdoorsApplication [restartedMain] No active profile set, falling back to 1 default profile: "default"
2023-02-02 15:43:02,781 INFO c.c.g.GreatoutdoorsApplication [restartedMain] Started GreatoutdoorsApplication in 1.71 seconds (JVM running for 1439.399)
2023-02-02 15:43:15,668 INFO c.c.g.GreatoutdoorsApplication [restartedMain] Starting GreatoutdoorsApplication using Java 17.0.5 on LIN33001523 with PID 9696 (C:\Users\ANIBARMA\eclipse-workspace\greatoutdoors\bin\main started by anibarma in C:\Users\ANIBARMA\eclipse-workspace\greatoutdoors)
2023-02-02 15:43:15,669 DEBUG c.c.g.GreatoutdoorsApplication [restartedMain] Running with Spring Boot v2.7.8, Spring v5.3.25
2023-02-02 15:43:15,669 INFO c.c.g.GreatoutdoorsApplication [restartedMain] No active profile set, falling back to 1 default profile: "default"
2023-02-02 15:43:16,870 INFO c.c.g.GreatoutdoorsApplication [restartedMain] Started GreatoutdoorsApplication in 1.245 seconds (JVM running for 1453.488)
2023-02-02 15:43:40,053 INFO c.c.g.GreatoutdoorsApplication [restartedMain] Starting GreatoutdoorsApplication using Java 17.0.5 on LIN33001523 with PID 9696 (C:\Users\ANIBARMA\eclipse-workspace\greatoutdoors\bin\main started by anibarma in C:\Users\ANIBARMA\eclipse-workspace\greatoutdoors)
2023-02-02 15:43:40,054 DEBUG c.c.g.GreatoutdoorsApplication [restartedMain] Running with Spring Boot v2.7.8, Spring v5.3.25
2023-02-02 15:43:40,054 INFO c.c.g.GreatoutdoorsApplication [restartedMain] No active profile set, falling back to 1 default profile: "default"
2023-02-02 15:43:41,251 INFO c.c.g.GreatoutdoorsApplication [restartedMain] Started GreatoutdoorsApplication in 1.242 seconds (JVM running for 1477.869)
2023-02-02 15:43:53,900 INFO c.c.g.GreatoutdoorsApplication [restartedMain] Starting GreatoutdoorsApplication using Java 17.0.5 on LIN33001523 with PID 19548 (C:\Users\ANIBARMA\eclipse-workspace\greatoutdoors\bin\main started by anibarma in C:\Users\ANIBARMA\eclipse-workspace\greatoutdoors)
2023-02-02 15:43:53,906 DEBUG c.c.g.GreatoutdoorsApplication [restartedMain] Running with Spring Boot v2.7.8, Spring v5.3.25
2023-02-02 15:43:53,906 INFO c.c.g.GreatoutdoorsApplication [restartedMain] No active profile set, falling back to 1 default profile: "default"
2023-02-02 15:43:57,947 INFO c.c.g.GreatoutdoorsApplication [restartedMain] Started GreatoutdoorsApplication in 4.362 seconds (JVM running for 5.302)
2023-02-02 15:55:29,931 INFO c.c.g.s.UserServiceTests [main] Starting UserServiceTests using Java 17.0.5 on LIN33001523 with PID 1788 (started by anibarma in C:\Users\ANIBARMA\eclipse-workspace\greatoutdoors)
2023-02-02 15:55:29,939 DEBUG c.c.g.s.UserServiceTests [main] Running with Spring Boot v2.7.8, Spring v5.3.25
2023-02-02 15:55:29,940 INFO c.c.g.s.UserServiceTests [main] No active profile set, falling back to 1 default profile: "default"
2023-02-02 15:55:35,752 INFO c.c.g.s.UserServiceTests [main] Started UserServiceTests in 6.118 seconds (JVM running for 7.565)
